#-----------------------------------------------------------
# Vivado v2017.4 (64-bit)
# SW Build 2086221 on Fri Dec 15 20:55:39 MST 2017
# IP Build 2085800 on Fri Dec 15 22:25:07 MST 2017
# Start of session at: Fri Jun  3 12:17:45 2022
# Process ID: 23308
# Current directory: C:/01_FPGA_project/Image_sensor/Image_transfer_open_source/image_open_source
# Command line: vivado.exe -gui_launcher_event rodinguilauncherevent13256 C:\01_FPGA_project\Image_sensor\Image_transfer_open_source\image_open_source\image_open_source.xpr
# Log file: C:/01_FPGA_project/Image_sensor/Image_transfer_open_source/image_open_source/vivado.log
# Journal file: C:/01_FPGA_project/Image_sensor/Image_transfer_open_source/image_open_source\vivado.jou
#-----------------------------------------------------------
start_gui
open_project C:/01_FPGA_project/Image_sensor/Image_transfer_open_source/image_open_source/image_open_source.xpr
Scanning sources...
Finished scanning sources
WARNING: [filemgmt 56-3] impl_1 strategy "Vivado Implementation Defaults," step write_bitstream, attribute : Could not find the file 'C:/01_FPGA_project/Image_sensor/Image_transfer_open_source/project_1_7_9/test.tcl'.
WARNING: [filemgmt 56-3] IP Repository Path: Could not find the directory 'C:/01_FPGA_project/Image_sensor/Image_transfer_open_source/ip_repo/Image_sensor_DMA_1.0'.
WARNING: [filemgmt 56-3] IP Repository Path: Could not find the directory 'C:/01_FPGA_project/Image_sensor/Image_transfer_open_source/ip_repo/image_sensor_dma_1.0'.
WARNING: [filemgmt 56-3] IP Repository Path: Could not find the directory 'C:/01_FPGA_project/Image_sensor/Image_transfer_open_source/ip_repo/sensor_ctl_1.0'.
WARNING: [filemgmt 56-3] IP Repository Path: Could not find the directory 'C:/01_FPGA_project/Image_sensor/18_an5642_lwip_double/repo'.
INFO: [IP_Flow 19-234] Refreshing IP repositories
WARNING: [IP_Flow 19-2248] Failed to load user IP repository 'c:/01_FPGA_project/Image_sensor/Image_transfer_open_source/ip_repo/Image_sensor_DMA_1.0'; Can't find the specified path.
If this directory should no longer be in your list of user repositories, go to the IP Settings dialog and remove it.
WARNING: [IP_Flow 19-2207] Repository 'c:/01_FPGA_project/Image_sensor/Image_transfer_open_source/ip_repo/image_sensor_dma_1.0' already exists; ignoring attempt to add it again.
WARNING: [IP_Flow 19-2248] Failed to load user IP repository 'c:/01_FPGA_project/Image_sensor/Image_transfer_open_source/ip_repo/image_sensor_dma_1.0'; Can't find the specified path.
If this directory should no longer be in your list of user repositories, go to the IP Settings dialog and remove it.
INFO: [IP_Flow 19-1700] Loaded user IP repository 'c:/01_FPGA_project/Image_sensor/Image_transfer_open_source/ip_repo/image_ctl_1.0'.
WARNING: [IP_Flow 19-2248] Failed to load user IP repository 'c:/01_FPGA_project/Image_sensor/Image_transfer_open_source/ip_repo/sensor_ctl_1.0'; Can't find the specified path.
If this directory should no longer be in your list of user repositories, go to the IP Settings dialog and remove it.
WARNING: [IP_Flow 19-2248] Failed to load user IP repository 'c:/01_FPGA_project/Image_sensor/18_an5642_lwip_double/repo'; Can't find the specified path.
If this directory should no longer be in your list of user repositories, go to the IP Settings dialog and remove it.
INFO: [IP_Flow 19-2313] Loaded Vivado IP repository 'C:/Xilinx/Vivado/2017.4/data/ip'.
open_project: Time (s): cpu = 00:00:10 ; elapsed = 00:00:07 . Memory (MB): peak = 831.508 ; gain = 116.812
update_compile_order -fileset sources_1
set_property STEPS.WRITE_BITSTREAM.TCL.PRE {} [get_runs impl_1]
reset_run synth_1
launch_runs impl_1 -to_step write_bitstream -jobs 8
[Fri Jun  3 12:19:29 2022] Launched synth_1...
Run output will be captured here: C:/01_FPGA_project/Image_sensor/Image_transfer_open_source/image_open_source/image_open_source.runs/synth_1/runme.log
[Fri Jun  3 12:19:29 2022] Launched impl_1...
Run output will be captured here: C:/01_FPGA_project/Image_sensor/Image_transfer_open_source/image_open_source/image_open_source.runs/impl_1/runme.log
exit
INFO: [Common 17-206] Exiting Vivado at Fri Jun  3 12:23:58 2022...
