#-----------------------------------------------------------
# Webtalk v2017.4 (64-bit)
# SW Build 2086221 on Fri Dec 15 20:55:39 MST 2017
# 
# Start of session at: Thu May  7 23:00:55 2020
# Process ID: 125748
# Current directory: D:/FPGA_project/Image_sensor/Image_lwip/project_1/project_1.sdk/webtalk
# Command line: wbtcv.exe -mode batch -source sdk_webtalk.tcl
# Log file: D:/FPGA_project/Image_sensor/Image_lwip/project_1/project_1.sdk/webtalk/webtalk.log
# Journal file: D:/FPGA_project/Image_sensor/Image_lwip/project_1/project_1.sdk/webtalk\webtalk.jou
#-----------------------------------------------------------
source sdk_webtalk.tcl
# webtalk_init -webtalk_dir D:\\FPGA_project\\Image_sensor\\Image_lwip\\project_1\\project_1.sdk\\webtalk
# webtalk_register_client -client project
# webtalk_add_data -client project -key date_generated -value "2020-05-07 23:00:52" -context "software_version_and_target_device"
# webtalk_add_data -client project -key product_version -value "SDK v2017.4" -context "software_version_and_target_device"
# webtalk_add_data -client project -key build_version -value "2017.4" -context "software_version_and_target_device"
# webtalk_add_data -client project -key os_platform -value "amd64" -context "software_version_and_target_device"
# webtalk_add_data -client project -key registration_id -value "210766071_0_0_148" -context "software_version_and_target_device"
# webtalk_add_data -client project -key tool_flow -value "SDK" -context "software_version_and_target_device"
# webtalk_add_data -client project -key beta -value "false" -context "software_version_and_target_device"
# webtalk_add_data -client project -key route_design -value "NA" -context "software_version_and_target_device"
# webtalk_add_data -client project -key target_family -value "NA" -context "software_version_and_target_device"
# webtalk_add_data -client project -key target_device -value "NA" -context "software_version_and_target_device"
# webtalk_add_data -client project -key target_package -value "NA" -context "software_version_and_target_device"
# webtalk_add_data -client project -key target_speed -value "NA" -context "software_version_and_target_device"
# webtalk_add_data -client project -key random_id -value "jsjthr3u346v9eafjp9b2rfrc0" -context "software_version_and_target_device"
# webtalk_add_data -client project -key project_id -value "2017.4_23" -context "software_version_and_target_device"
# webtalk_add_data -client project -key project_iteration -value "23" -context "software_version_and_target_device"
# webtalk_add_data -client project -key os_name -value "Microsoft Windows 8 or later , 64-bit" -context "user_environment"
# webtalk_add_data -client project -key os_release -value "major release  (build 9200)" -context "user_environment"
# webtalk_add_data -client project -key cpu_name -value "Intel(R) Core(TM) i5-7200U CPU @ 2.50GHz" -context "user_environment"
# webtalk_add_data -client project -key cpu_speed -value "2712 MHz" -context "user_environment"
# webtalk_add_data -client project -key total_processors -value "1" -context "user_environment"
# webtalk_add_data -client project -key system_ram -value "12.783 GB" -context "user_environment"
# webtalk_register_client -client sdk
# webtalk_add_data -client sdk -key uid -value "1588856047222" -context "sdk\\\\bsp/1588856047222"
# webtalk_add_data -client sdk -key hwid -value "1587868551645" -context "sdk\\\\bsp/1588856047222"
# webtalk_add_data -client sdk -key os -value "standalone" -context "sdk\\\\bsp/1588856047222"
# webtalk_add_data -client sdk -key apptemplate -value "lwip_echo_server" -context "sdk\\\\bsp/1588856047222"
# webtalk_add_data -client sdk -key RecordType -value "BSPCreation" -context "sdk\\\\bsp/1588856047222"
# webtalk_add_data -client sdk -key uid -value "1588856051992" -context "sdk\\\\application/1588856051992"
# webtalk_add_data -client sdk -key hwid -value "1587868551645" -context "sdk\\\\application/1588856051992"
# webtalk_add_data -client sdk -key bspid -value "1588856047222" -context "sdk\\\\application/1588856051992"
# webtalk_add_data -client sdk -key newbsp -value "true" -context "sdk\\\\application/1588856051992"
# webtalk_add_data -client sdk -key os -value "standalone" -context "sdk\\\\application/1588856051992"
# webtalk_add_data -client sdk -key apptemplate -value "lwip_echo_server" -context "sdk\\\\application/1588856051992"
# webtalk_add_data -client sdk -key RecordType -value "APPCreation" -context "sdk\\\\application/1588856051992"
# webtalk_add_data -client sdk -key LangUsed -value "C" -context "sdk\\\\application/1588856051992"
# webtalk_add_data -client sdk -key Procused -value "ps7_cortexa9" -context "sdk\\\\application/1588856051992"
# webtalk_add_data -client sdk -key uid -value "NA" -context "sdk\\\\bsp/1588863652030"
# webtalk_add_data -client sdk -key RecordType -value "ToolUsage" -context "sdk\\\\bsp/1588863652030"
# webtalk_add_data -client sdk -key BootgenCount -value "0" -context "sdk\\\\bsp/1588863652030"
# webtalk_add_data -client sdk -key DebugCount -value "20" -context "sdk\\\\bsp/1588863652030"
# webtalk_add_data -client sdk -key PerfCount -value "0" -context "sdk\\\\bsp/1588863652030"
# webtalk_add_data -client sdk -key FlashCount -value "0" -context "sdk\\\\bsp/1588863652030"
# webtalk_add_data -client sdk -key CrossTriggCount -value "0" -context "sdk\\\\bsp/1588863652030"
# webtalk_add_data -client sdk -key QemuDebugCount -value "0" -context "sdk\\\\bsp/1588863652030"
# webtalk_transmit -clientid 1016358095 -regid "210766071_0_0_148" -xml D:\\FPGA_project\\Image_sensor\\Image_lwip\\project_1\\project_1.sdk\\webtalk\\usage_statistics_ext_sdk.xml -html D:\\FPGA_project\\Image_sensor\\Image_lwip\\project_1\\project_1.sdk\\webtalk\\usage_statistics_ext_sdk.html -wdm D:\\FPGA_project\\Image_sensor\\Image_lwip\\project_1\\project_1.sdk\\webtalk\\sdk_webtalk.wdm -intro "<H3>SDK Usage Report</H3><BR>"
# webtalk_terminate
INFO: [Common 17-206] Exiting Webtalk at Thu May  7 23:00:57 2020...
